<?xml version="1.0" encoding="UTF-8"?>
<!-- Generated by org.testng.reporters.JUnitXMLReporter -->
<testsuite hostname="prabakve" ignored="0" name="Test" tests="5" failures="0" timestamp="05 Feb 2018 13:34:09 GMT" time="100.438" errors="0">
  <testcase name="ClickLogin" time="5.092" classname="scripts.LoginTest"/>
  <testcase name="InvalidLogin" time="16.353" classname="scripts.LoginPageTest"/>
  <testcase name="RecoveryPassword" time="20.184" classname="scripts.ForgotPasswordRecoveryTest"/>
  <testcase name="BackToLogin" time="11.733" classname="scripts.BackToLoginTest"/>
  <testcase name="ChangePassword" time="25.344" classname="scripts.ChangePasswordTest"/>
</testsuite> <!-- Test -->
